[debug] [2025-01-24T09:42:09.172Z] ----------------------------------------------------------------------
[debug] [2025-01-24T09:42:09.175Z] Command:       C:\Program Files\nodejs\node.exe C:\Program Files\nodejs\node_modules\firebase-tools\lib\bin\firebase.js init hosting
[debug] [2025-01-24T09:42:09.175Z] CLI Version:   13.29.2
[debug] [2025-01-24T09:42:09.176Z] Platform:      win32
[debug] [2025-01-24T09:42:09.176Z] Node Version:  v18.20.5
[debug] [2025-01-24T09:42:09.177Z] Time:          Fri Jan 24 2025 17:42:09 GMT+0800 (China Standard Time)
[debug] [2025-01-24T09:42:09.177Z] ----------------------------------------------------------------------
[debug] 
[debug] [2025-01-24T09:42:09.182Z] >>> [apiv2][query] GET https://firebase-public.firebaseio.com/cli.json [none]
[debug] [2025-01-24T09:42:09.268Z] > command requires scopes: ["email","openid","https://www.googleapis.com/auth/cloudplatformprojects.readonly","https://www.googleapis.com/auth/firebase","https://www.googleapis.com/auth/cloud-platform"]
[debug] [2025-01-24T09:42:09.269Z] > authorizing via signed-in user (piicubic@gmail.com)
[info] 
     ######## #### ########  ######## ########     ###     ######  ########
     ##        ##  ##     ## ##       ##     ##  ##   ##  ##       ##
     ######    ##  ########  ######   ########  #########  ######  ######
     ##        ##  ##    ##  ##       ##     ## ##     ##       ## ##
     ##       #### ##     ## ######## ########  ##     ##  ######  ########

You're about to initialize a Firebase project in this directory:

  C:\Users\ka_ra\Development\Cruip - Code\fintech - code\fintech-next

[debug] [2025-01-24T09:42:09.957Z] <<< [apiv2][status] GET https://firebase-public.firebaseio.com/cli.json 200
[debug] [2025-01-24T09:42:09.958Z] <<< [apiv2][body] GET https://firebase-public.firebaseio.com/cli.json {"cloudBuildErrorAfter":1594252800000,"cloudBuildWarnAfter":1590019200000,"defaultNode10After":1594252800000,"minVersion":"3.0.5","node8DeploysDisabledAfter":1613390400000,"node8RuntimeDisabledAfter":1615809600000,"node8WarnAfter":1600128000000}
[info] 
=== Project Setup
[info] 
[info] First, let's associate this project directory with a Firebase project.
[info] You can create multiple project aliases by running firebase use --add, 
[info] but for now we'll just set up a default project.
[info] 
[debug] [2025-01-24T09:42:16.708Z] Checked if tokens are valid: false, expires at: 1733308556380
[debug] [2025-01-24T09:42:16.708Z] Checked if tokens are valid: false, expires at: 1733308556380
[debug] [2025-01-24T09:42:16.709Z] > refreshing access token with scopes: []
[debug] [2025-01-24T09:42:16.711Z] >>> [apiv2][query] POST https://www.googleapis.com/oauth2/v3/token [none]
[debug] [2025-01-24T09:42:16.712Z] >>> [apiv2][body] POST https://www.googleapis.com/oauth2/v3/token [omitted]
[debug] [2025-01-24T09:42:17.600Z] <<< [apiv2][status] POST https://www.googleapis.com/oauth2/v3/token 200
[debug] [2025-01-24T09:42:17.600Z] <<< [apiv2][body] POST https://www.googleapis.com/oauth2/v3/token [omitted]
[debug] [2025-01-24T09:42:17.633Z] >>> [apiv2][query] GET https://firebase.googleapis.com/v1beta1/projects pageSize=100
[debug] [2025-01-24T09:42:19.407Z] <<< [apiv2][status] GET https://firebase.googleapis.com/v1beta1/projects 200
[debug] [2025-01-24T09:42:19.407Z] <<< [apiv2][body] GET https://firebase.googleapis.com/v1beta1/projects [omitted]
[info] i  Using project sou9-cf313 (Fibali) 
[info] 
=== Hosting Setup
[debug] [2025-01-24T09:42:23.748Z] Checked if tokens are valid: true, expires at: 1737715336600
[debug] [2025-01-24T09:42:23.748Z] Checked if tokens are valid: true, expires at: 1737715336600
[debug] [2025-01-24T09:42:23.748Z] >>> [apiv2][query] GET https://firebase.googleapis.com/v1beta1/projects/sou9-cf313 [none]
[debug] [2025-01-24T09:42:24.354Z] <<< [apiv2][status] GET https://firebase.googleapis.com/v1beta1/projects/sou9-cf313 200
[debug] [2025-01-24T09:42:24.354Z] <<< [apiv2][body] GET https://firebase.googleapis.com/v1beta1/projects/sou9-cf313 {"projectId":"sou9-cf313","projectNumber":"947942778885","displayName":"Fibali","name":"projects/sou9-cf313","resources":{"hostingSite":"sou9-cf313","storageBucket":"sou9-cf313.appspot.com","locationId":"europe-west"},"state":"ACTIVE","etag":"1_a7d2fdb5-f0cc-4184-a973-d3ed12ab0465"}
[info] 
[info] i  Didn't detect a .git folder. Assuming C:\Users\ka_ra\Development\Cruip - Code\fintech - code\fintech-next is the project root. 
[info] i  Authorizing with GitHub to upload your service account to a GitHub repository's secrets store. 
[info] 
[info] Visit this URL on this device to log in:
[info] https://github.com/login/oauth/authorize?client_id=89cf50f02ac6aaed3484&state=344600667&redirect_uri=http%3A%2F%2Flocalhost%3A9005&scope=read%3Auser%20repo%20public_repo
[info] 
[info] Waiting for authentication...
[debug] [2025-01-24T09:43:32.432Z] >>> [apiv2][query] POST https://github.com/login/oauth/access_token [none]
[debug] [2025-01-24T09:43:32.432Z] >>> [apiv2][body] POST https://github.com/login/oauth/access_token [stream]
[debug] [2025-01-24T09:43:33.461Z] <<< [apiv2][status] POST https://github.com/login/oauth/access_token 200
[debug] [2025-01-24T09:43:33.462Z] <<< [apiv2][body] POST https://github.com/login/oauth/access_token {"access_token":"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","token_type":"bearer","scope":"read:user,repo"}
[debug] [2025-01-24T09:43:33.468Z] >>> [apiv2][query] GET https://api.github.com/user [none]
[debug] [2025-01-24T09:43:34.933Z] <<< [apiv2][status] GET https://api.github.com/user 200
[debug] [2025-01-24T09:43:34.934Z] <<< [apiv2][body] GET https://api.github.com/user {"login":"AbderraoufKhodja","id":43559742,"node_id":"MDQ6VXNlcjQzNTU5NzQy","avatar_url":"https://avatars.githubusercontent.com/u/43559742?v=4","gravatar_id":"","url":"https://api.github.com/users/AbderraoufKhodja","html_url":"https://github.com/AbderraoufKhodja","followers_url":"https://api.github.com/users/AbderraoufKhodja/followers","following_url":"https://api.github.com/users/AbderraoufKhodja/following{/other_user}","gists_url":"https://api.github.com/users/AbderraoufKhodja/gists{/gist_id}","starred_url":"https://api.github.com/users/AbderraoufKhodja/starred{/owner}{/repo}","subscriptions_url":"https://api.github.com/users/AbderraoufKhodja/subscriptions","organizations_url":"https://api.github.com/users/AbderraoufKhodja/orgs","repos_url":"https://api.github.com/users/AbderraoufKhodja/repos","events_url":"https://api.github.com/users/AbderraoufKhodja/events{/privacy}","received_events_url":"https://api.github.com/users/AbderraoufKhodja/received_events","type":"User","user_view_type":"private","site_admin":false,"name":"Abderraouf Khodja","company":null,"blog":"","location":null,"email":null,"hireable":null,"bio":null,"twitter_username":null,"notification_email":null,"public_repos":44,"public_gists":0,"followers":2,"following":3,"created_at":"2018-09-25T02:02:00Z","updated_at":"2024-12-24T15:37:56Z","private_gists":0,"total_private_repos":39,"owned_private_repos":39,"disk_usage":1249448,"collaborators":3,"two_factor_authentication":false,"plan":{"name":"pro","space":976562499,"collaborators":0,"private_repos":9999}}
[info] 
[info] +  Success! Logged into GitHub as AbderraoufKhodja 
[info] 
